# JRE version: OpenJDK Runtime Environment (11.0.12+7) (build 11.0.12+7-b1504.28-7817840)
# Java VM: OpenJDK 64-Bit Server VM (11.0.12+7-b1504.28-7817840, mixed mode, tiered, compressed oops, g1 gc, windows-amd64)
Heap:
 garbage-first heap   total 369664K, used 133386K [0x0000000080000000, 0x0000000100000000)
  region size 1024K, 2 young (2048K), 2 survivors (2048K)
 Metaspace       used 121154K, capacity 124279K, committed 125100K, reserved 1157120K
  class space    used 15280K, capacity 16475K, committed 16896K, reserved 1048576K
GC Heap History (20 events):
Event: 2574.370 GC heap after
{Heap after GC invocations=101 (full 0):
 garbage-first heap   total 203776K, used 161748K [0x0000000080000000, 0x0000000100000000)
  region size 1024K, 3 young (3072K), 3 survivors (3072K)
 Metaspace       used 121078K, capacity 124365K, committed 124844K, reserved 1157120K
  class space    used 15354K, capacity 16591K, committed 16896K, reserved 1048576K
}
Event: 2580.905 GC heap before
{Heap before GC invocations=101 (full 0):
 garbage-first heap   total 203776K, used 175060K [0x0000000080000000, 0x0000000100000000)
  region size 1024K, 16 young (16384K), 3 survivors (3072K)
 Metaspace       used 121106K, capacity 124429K, committed 124844K, reserved 1157120K
  class space    used 15354K, capacity 16591K, committed 16896K, reserved 1048576K
}
Event: 2580.939 GC heap after
{Heap after GC invocations=102 (full 0):
 garbage-first heap   total 203776K, used 164842K [0x0000000080000000, 0x0000000100000000)
  region size 1024K, 2 young (2048K), 2 survivors (2048K)
 Metaspace       used 121106K, capacity 124429K, committed 124844K, reserved 1157120K
  class space    used 15354K, capacity 16591K, committed 16896K, reserved 1048576K
}
Event: 2581.478 GC heap before
{Heap before GC invocations=102 (full 0):
 garbage-first heap   total 203776K, used 176106K [0x0000000080000000, 0x0000000100000000)
  region size 1024K, 13 young (13312K), 2 survivors (2048K)
 Metaspace       used 121133K, capacity 124430K, committed 124844K, reserved 1157120K
  class space    used 15354K, capacity 16591K, committed 16896K, reserved 1048576K
}
Event: 2581.703 GC heap after
{Heap after GC invocations=103 (full 0):
 garbage-first heap   total 203776K, used 167687K [0x0000000080000000, 0x0000000100000000)
  region size 1024K, 2 young (2048K), 2 survivors (2048K)
 Metaspace       used 121133K, capacity 124430K, committed 124844K, reserved 1157120K
  class space    used 15354K, capacity 16591K, committed 16896K, reserved 1048576K
}
Event: 2582.518 GC heap before
{Heap before GC invocations=103 (full 0):
 garbage-first heap   total 203776K, used 176903K [0x0000000080000000, 0x0000000100000000)
  region size 1024K, 11 young (11264K), 2 survivors (2048K)
 Metaspace       used 121229K, capacity 124560K, committed 125100K, reserved 1157120K
  class space    used 15354K, capacity 16591K, committed 16896K, reserved 1048576K
}
Event: 2582.549 GC heap after
{Heap after GC invocations=104 (full 0):
 garbage-first heap   total 203776K, used 169282K [0x0000000080000000, 0x0000000100000000)
  region size 1024K, 2 young (2048K), 2 survivors (2048K)
 Metaspace       used 121229K, capacity 124560K, committed 125100K, reserved 1157120K
  class space    used 15354K, capacity 16591K, committed 16896K, reserved 1048576K
}
Event: 2582.992 GC heap before
{Heap before GC invocations=104 (full 0):
 garbage-first heap   total 203776K, used 177474K [0x0000000080000000, 0x0000000100000000)
  region size 1024K, 10 young (10240K), 2 survivors (2048K)
 Metaspace       used 121299K, capacity 124640K, committed 125100K, reserved 1157120K
  class space    used 15357K, capacity 16596K, committed 16896K, reserved 1048576K
}
Event: 2582.995 GC heap after
{Heap after GC invocations=105 (full 0):
 garbage-first heap   total 203776K, used 169703K [0x0000000080000000, 0x0000000100000000)
  region size 1024K, 1 young (1024K), 1 survivors (1024K)
 Metaspace       used 121299K, capacity 124640K, committed 125100K, reserved 1157120K
  class space    used 15357K, capacity 16596K, committed 16896K, reserved 1048576K
}
Event: 2583.254 GC heap before
{Heap before GC invocations=105 (full 0):
 garbage-first heap   total 203776K, used 177895K [0x0000000080000000, 0x0000000100000000)
  region size 1024K, 9 young (9216K), 1 survivors (1024K)
 Metaspace       used 121358K, capacity 124704K, committed 125100K, reserved 1157120K
  class space    used 15357K, capacity 16596K, committed 16896K, reserved 1048576K
}
Event: 2583.256 GC heap after
{Heap after GC invocations=106 (full 0):
 garbage-first heap   total 203776K, used 169933K [0x0000000080000000, 0x0000000100000000)
  region size 1024K, 1 young (1024K), 1 survivors (1024K)
 Metaspace       used 121358K, capacity 124704K, committed 125100K, reserved 1157120K
  class space    used 15357K, capacity 16596K, committed 16896K, reserved 1048576K
}
Event: 2584.443 GC heap before
{Heap before GC invocations=106 (full 0):
 garbage-first heap   total 203776K, used 178125K [0x0000000080000000, 0x0000000100000000)
  region size 1024K, 9 young (9216K), 1 survivors (1024K)
 Metaspace       used 121448K, capacity 124804K, committed 125100K, reserved 1157120K
  class space    used 15361K, capacity 16629K, committed 16896K, reserved 1048576K
}
Event: 2584.514 GC heap after
{Heap after GC invocations=107 (full 0):
 garbage-first heap   total 203776K, used 170159K [0x0000000080000000, 0x0000000100000000)
  region size 1024K, 1 young (1024K), 1 survivors (1024K)
 Metaspace       used 121448K, capacity 124804K, committed 125100K, reserved 1157120K
  class space    used 15361K, capacity 16629K, committed 16896K, reserved 1048576K
}
Event: 2590.925 GC heap before
{Heap before GC invocations=107 (full 0):
 garbage-first heap   total 203776K, used 160943K [0x0000000080000000, 0x0000000100000000)
  region size 1024K, 9 young (9216K), 1 survivors (1024K)
 Metaspace       used 121068K, capacity 124203K, committed 125100K, reserved 1157120K
  class space    used 15274K, capacity 16464K, committed 16896K, reserved 1048576K
}
Event: 2591.149 GC heap after
{Heap after GC invocations=108 (full 0):
 garbage-first heap   total 203776K, used 152570K [0x0000000080000000, 0x0000000100000000)
  region size 1024K, 2 young (2048K), 2 survivors (2048K)
 Metaspace       used 121068K, capacity 124203K, committed 125100K, reserved 1157120K
  class space    used 15274K, capacity 16464K, committed 16896K, reserved 1048576K
}
Event: 2592.319 GC heap before
{Heap before GC invocations=109 (full 0):
 garbage-first heap   total 203776K, used 166906K [0x0000000080000000, 0x0000000100000000)
  region size 1024K, 17 young (17408K), 2 survivors (2048K)
 Metaspace       used 121141K, capacity 124273K, committed 125100K, reserved 1157120K
  class space    used 15280K, capacity 16475K, committed 16896K, reserved 1048576K
}
Event: 2592.816 GC heap after
{Heap after GC invocations=110 (full 0):
 garbage-first heap   total 203776K, used 156417K [0x0000000080000000, 0x0000000100000000)
  region size 1024K, 3 young (3072K), 3 survivors (3072K)
 Metaspace       used 121141K, capacity 124273K, committed 125100K, reserved 1157120K
  class space    used 15280K, capacity 16475K, committed 16896K, reserved 1048576K
}
Event: 2592.823 GC heap before
{Heap before GC invocations=110 (full 0):
 garbage-first heap   total 203776K, used 162561K [0x0000000080000000, 0x0000000100000000)
  region size 1024K, 9 young (9216K), 3 survivors (3072K)
 Metaspace       used 121145K, capacity 124276K, committed 125100K, reserved 1157120K
  class space    used 15280K, capacity 16475K, committed 16896K, reserved 1048576K
}
Event: 2593.030 GC heap after
{Heap after GC invocations=111 (full 0):
 garbage-first heap   total 203776K, used 139887K [0x0000000080000000, 0x0000000100000000)
  region size 1024K, 2 young (2048K), 2 survivors (2048K)
 Metaspace       used 121145K, capacity 124276K, committed 125100K, reserved 1157120K
  class space    used 15280K, capacity 16475K, committed 16896K, reserved 1048576K
}
Event: 2593.041 GC heap before
{Heap before GC invocations=111 (full 0):
 garbage-first heap   total 203776K, used 146031K [0x0000000080000000, 0x0000000100000000)
  region size 1024K, 9 young (9216K), 2 survivors (2048K)
 Metaspace       used 121154K, capacity 124279K, committed 125100K, reserved 1157120K
  class space    used 15280K, capacity 16475K, committed 16896K, reserved 1048576K
}

